<?xml version="1.0" encoding="UTF-8" ?>
<testsuite tests="18" failures="0" name="com.mycompany.cucumbertesting.DemoTest" time="0.543" errors="0" skipped="6">
  <properties>
[...]
</properties>
  <testcase classname="Skenario: Memasukan User Baru" name="Dengan Data user baru yang akan dimasukan tersedia dan tidak duplikat dengan data yang telah ada di sistem" time="0.001"/>
  <testcase classname="Skenario: Memasukan User Baru" name="Ketika Memasukan data user dengan nama \&quot;badu\&quot;" time="0"/>
  <testcase classname="Skenario: Memasukan User Baru" name="Maka respon \&quot;user sukses dimasukan\&quot;" time="0"/>
  <testcase classname="Skenario: Memasukan User Baru" name="Skenario: Memasukan User Baru" time="0.001"/>
  <testcase classname="Skenario: Memasukan User Baru" name="Dengan Data user baru yang akan dimasukan tersedia dan tidak duplikat dengan data yang telah ada di sistem" time="0"/>
  <testcase classname="Skenario: Memasukan User Baru" name="Ketika Memasukan data user dengan nama \&quot;deni\&quot;" time="0"/>
  <testcase classname="Skenario: Memasukan User Baru" name="Maka respon gagal dengan pesan \&quot;duplicate\&quot;" time="0"/>
  <testcase classname="Skenario: Memasukan User Baru" name="Skenario: Memasukan User Baru" time="0.001"/>
  <testcase classname="Skenario: Melakukan Pembayaran Mahasiswa" name="Dengan Data pembayaran baru yang akan dimasukan tersedia dan tidak duplikat dengan data yang telah ada di sistem" time="0"/>
  <testcase classname="Skenario: Melakukan Pembayaran Mahasiswa" name="Ketika Melakukan pembayaran mahasiswa" time="0">
    <skipped/>
  </testcase>
  <testcase classname="Skenario: Melakukan Pembayaran Mahasiswa" name="Maka responnya \&quot;Mahasiswa sukses melakukan pembayaran\&quot;" time="0.001">
    <skipped/>
  </testcase>
  <testcase classname="Skenario: Melakukan Pembayaran Mahasiswa" name="Skenario: Melakukan Pembayaran Mahasiswa" time="0.002">
    <skipped/>
  </testcase>
  <testcase classname="Skenario: Melakukan Pembayaran Mahasiswa" name="Skenario: Melakukan Pembayaran Mahasiswa" time="0.002"/>
  <testcase classname="Skenario: Melakukan Pembayaran Mahasiswa" name="Dengan Data pembayaran baru yang akan dimasukan tersedia dan tidak duplikat dengan data yang telah ada di sistem" time="0"/>
  <testcase classname="Skenario: Melakukan Pembayaran Mahasiswa" name="Ketika Melakukan pembayaran mahasiswa" time="0.001">
    <skipped/>
  </testcase>
  <testcase classname="Skenario: Melakukan Pembayaran Mahasiswa" name="Maka responnya gagal dengan pesan \&quot;Mahasiswa gagal melakukan pembayaran\&quot;" time="0.002">
    <skipped/>
  </testcase>
  <testcase classname="Skenario: Melakukan Pembayaran Mahasiswa" name="Skenario: Melakukan Pembayaran Mahasiswa" time="0.002">
    <skipped/>
  </testcase>
  <testcase classname="Skenario: Melakukan Pembayaran Mahasiswa" name="Skenario: Melakukan Pembayaran Mahasiswa" time="0.002"/>
</testsuite>